<?xml version="1.0" encoding="UTF-8"?>
<!-- Generated by org.testng.reporters.JUnitReportReporter -->
<testsuite hostname="DESKTOP-7OA1239" failures="0" tests="5" name="tests.ForgotPasswordTest" time="60.059" errors="0" timestamp="2023-01-30T09:52:15 EST" skipped="0">
  <testcase classname="tests.ForgotPasswordTest" name="forgotPasswordWithoutCredentialsTest" time="9.488"/>
  <system-out/>
  <testcase classname="tests.ForgotPasswordTest" name="forgotPasswordWithValidCredentialsButNotCombyneUserTest" time="8.870"/>
  <system-out/>
  <testcase classname="tests.ForgotPasswordTest" name="loginPageLinkNavigationTest" time="11.880"/>
  <system-out/>
  <testcase classname="tests.ForgotPasswordTest" name="forgotPasswordWithInvalidCredentialsTest" time="10.743"/>
  <system-out/>
  <testcase classname="tests.ForgotPasswordTest" name="forgotPasswordWithValidCredentialsTest" time="19.078"/>
  <system-out/>
</testsuite> <!-- tests.ForgotPasswordTest -->
