<?xml version="1.0" encoding="UTF-8"?>
<!-- Generated by org.testng.reporters.JUnitReportReporter -->
<testsuite hostname="DESKTOP-7OA1239" failures="0" tests="6" name="tests.LoginTest" time="62.257" errors="0" timestamp="2023-01-30T09:52:15 EST" skipped="0">
  <testcase classname="tests.LoginTest" name="loginWithValidCredentialsButNotCombyneUserTest" time="10.168"/>
  <system-out/>
  <testcase classname="tests.LoginTest" name="loginWithEmptyCredentialsTest" time="11.286"/>
  <system-out/>
  <testcase classname="tests.LoginTest" name="forgotPasswordLinkNavigationTest" time="11.101"/>
  <system-out/>
  <testcase classname="tests.LoginTest" name="loginWithInvalidCredentialsTest" time="9.992"/>
  <system-out/>
  <testcase classname="tests.LoginTest" name="createAnAccountLinkNavigationTest" time="10.676"/>
  <system-out/>
  <testcase classname="tests.LoginTest" name="loginWithValidCredentialsTest" time="9.034"/>
  <system-out/>
</testsuite> <!-- tests.LoginTest -->
